<?xml version="1.0" encoding="UTF-8"?>
<testng-results ignored="0" total="2" passed="2" failed="0" skipped="0">
  <reporter-output>
  </reporter-output>
  <suite started-at="2023-09-11T18:02:19 EDT" name="OpenCartSuite" finished-at="2023-09-11T18:02:29 EDT" duration-ms="10043">
    <groups>
      <group name="Master">
        <method signature="TC_001_AccountRegistration.testAccountRegistration()[pri:0, instance:testcases.TC_001_AccountRegistration@235ecd9f]" name="testAccountRegistration" class="testcases.TC_001_AccountRegistration"/>
        <method signature="TC_002_LoginTest.validateUserLogin()[pri:0, instance:testcases.TC_002_LoginTest@663c9e7a]" name="validateUserLogin" class="testcases.TC_002_LoginTest"/>
      </group> <!-- Master -->
      <group name="Sanity">
        <method signature="TC_002_LoginTest.validateUserLogin()[pri:0, instance:testcases.TC_002_LoginTest@663c9e7a]" name="validateUserLogin" class="testcases.TC_002_LoginTest"/>
      </group> <!-- Sanity -->
      <group name="Regression">
        <method signature="TC_001_AccountRegistration.testAccountRegistration()[pri:0, instance:testcases.TC_001_AccountRegistration@235ecd9f]" name="testAccountRegistration" class="testcases.TC_001_AccountRegistration"/>
      </group> <!-- Regression -->
    </groups>
    <test started-at="2023-09-11T18:02:19 EDT" name="OpenCartTest" finished-at="2023-09-11T18:02:29 EDT" duration-ms="10043">
      <class name="testcases.TC_001_AccountRegistration">
        <test-method is-config="true" signature="setUp(java.lang.String)[pri:0, instance:testcases.TC_001_AccountRegistration@235ecd9f]" started-at="2023-09-11T18:02:19 EDT" name="setUp" finished-at="2023-09-11T18:02:22 EDT" duration-ms="3190" status="PASS">
          <params>
            <param index="0">
              <value>
                <![CDATA[edge]]>
              </value>
            </param>
          </params>
          <reporter-output>
          </reporter-output>
        </test-method> <!-- setUp -->
        <test-method signature="testAccountRegistration()[pri:0, instance:testcases.TC_001_AccountRegistration@235ecd9f]" started-at="2023-09-11T18:02:22 EDT" name="testAccountRegistration" finished-at="2023-09-11T18:02:26 EDT" duration-ms="3820" status="PASS">
          <reporter-output>
          </reporter-output>
        </test-method> <!-- testAccountRegistration -->
        <test-method is-config="true" signature="tearDown()[pri:0, instance:testcases.TC_001_AccountRegistration@235ecd9f]" started-at="2023-09-11T18:02:26 EDT" name="tearDown" finished-at="2023-09-11T18:02:26 EDT" duration-ms="232" status="PASS">
          <reporter-output>
          </reporter-output>
        </test-method> <!-- tearDown -->
      </class> <!-- testcases.TC_001_AccountRegistration -->
      <class name="testcases.TC_002_LoginTest">
        <test-method is-config="true" signature="setUp(java.lang.String)[pri:0, instance:testcases.TC_002_LoginTest@663c9e7a]" started-at="2023-09-11T18:02:26 EDT" name="setUp" finished-at="2023-09-11T18:02:28 EDT" duration-ms="1626" status="PASS">
          <params>
            <param index="0">
              <value>
                <![CDATA[edge]]>
              </value>
            </param>
          </params>
          <reporter-output>
          </reporter-output>
        </test-method> <!-- setUp -->
        <test-method signature="validateUserLogin()[pri:0, instance:testcases.TC_002_LoginTest@663c9e7a]" started-at="2023-09-11T18:02:28 EDT" name="validateUserLogin" finished-at="2023-09-11T18:02:29 EDT" duration-ms="758" status="PASS">
          <reporter-output>
          </reporter-output>
        </test-method> <!-- validateUserLogin -->
        <test-method is-config="true" signature="tearDown()[pri:0, instance:testcases.TC_002_LoginTest@663c9e7a]" started-at="2023-09-11T18:02:29 EDT" name="tearDown" finished-at="2023-09-11T18:02:29 EDT" duration-ms="178" status="PASS">
          <reporter-output>
          </reporter-output>
        </test-method> <!-- tearDown -->
      </class> <!-- testcases.TC_002_LoginTest -->
    </test> <!-- OpenCartTest -->
  </suite> <!-- OpenCartSuite -->
</testng-results>
